{"/Users/tqviet/dev/Draft Presonal/CICD/react-ts-app/src/Test.tsx": {"path":"/Users/tqviet/dev/Draft Presonal/CICD/react-ts-app/src/Test.tsx","statementMap":{"0":{"start":{"line":1,"column":0},"end":{"line":1,"column":18}},"1":{"start":{"line":4,"column":2},"end":{"line":6,"column":null}},"2":{"start":{"line":9,"column":0},"end":{"line":9,"column":null}}},"fnMap":{"0":{"name":"Test","decl":{"start":{"line":3,"column":9},"end":{"line":3,"column":13}},"loc":{"start":{"line":3,"column":13},"end":{"line":7,"column":1}}}},"branchMap":{},"s":{"0":1,"1":1,"2":1},"f":{"0":1},"b":{}}
,"/Users/tqviet/dev/Draft Presonal/CICD/react-ts-app/test/mocks/styleMock.js": {"path":"/Users/tqviet/dev/Draft Presonal/CICD/react-ts-app/test/mocks/styleMock.js","statementMap":{"0":{"start":{"line":1,"column":0},"end":{"line":4,"column":1}}},"fnMap":{},"branchMap":{},"s":{"0":1},"f":{},"b":{},"inputSourceMap":null,"_coverageSchema":"1a1c01bbd47fc00a2c39e90264f33305004495a9","hash":"500b7dfd48ce6cc7949950251a48e11a90b86907"}
}
